c:\users\goga\desktop\практика\eleczachetbook\eleczachetbook\x64\debug\vc143.pdb
c:\users\goga\desktop\практика\eleczachetbook\eleczachetbook\x64\debug\.netframework,version=v4.8.assemblyattributes.obj
c:\users\goga\desktop\практика\eleczachetbook\eleczachetbook\x64\debug\searchwindow.obj
c:\users\goga\desktop\практика\eleczachetbook\eleczachetbook\x64\debug\removewindow.obj
c:\users\goga\desktop\практика\eleczachetbook\eleczachetbook\x64\debug\mainwindow.obj
c:\users\goga\desktop\практика\eleczachetbook\eleczachetbook\x64\debug\editwindow.obj
c:\users\goga\desktop\практика\eleczachetbook\eleczachetbook\x64\debug\disciplinemanager.obj
c:\users\goga\desktop\практика\eleczachetbook\eleczachetbook\x64\debug\discipline.obj
c:\users\goga\desktop\практика\eleczachetbook\eleczachetbook\x64\debug\addwindow.obj
c:\users\goga\desktop\практика\eleczachetbook\x64\debug\eleczachetbook.exe
c:\users\goga\desktop\практика\eleczachetbook\x64\debug\eleczachetbook.pdb
c:\users\goga\desktop\практика\eleczachetbook\eleczachetbook\x64\debug\main.obj
c:\users\goga\desktop\практика\eleczachetbook\eleczachetbook\x64\debug\eleczachetbook.tlog\cl.command.1.tlog
c:\users\goga\desktop\практика\eleczachetbook\eleczachetbook\x64\debug\eleczachetbook.tlog\cl.items.tlog
c:\users\goga\desktop\практика\eleczachetbook\eleczachetbook\x64\debug\eleczachetbook.tlog\cl.read.1.tlog
c:\users\goga\desktop\практика\eleczachetbook\eleczachetbook\x64\debug\eleczachetbook.tlog\cl.write.1.tlog
c:\users\goga\desktop\практика\eleczachetbook\eleczachetbook\x64\debug\eleczachetbook.tlog\link.command.1.tlog
c:\users\goga\desktop\практика\eleczachetbook\eleczachetbook\x64\debug\eleczachetbook.tlog\link.read.1.tlog
c:\users\goga\desktop\практика\eleczachetbook\eleczachetbook\x64\debug\eleczachetbook.tlog\link.write.1.tlog
c:\users\goga\desktop\практика\eleczachetbook\eleczachetbook\x64\debug\eleczachetbook.tlog\metagen.read.1.tlog
c:\users\goga\desktop\практика\eleczachetbook\eleczachetbook\x64\debug\eleczachetbook.tlog\metagen.write.1.tlog
c:\users\goga\desktop\практика\eleczachetbook\eleczachetbook\x64\debug\eleczachetbook.tlog\resgen.command.1.tlog
c:\users\goga\desktop\практика\eleczachetbook\eleczachetbook\x64\debug\eleczachetbook.tlog\resgen.read.1.tlog
c:\users\goga\desktop\практика\eleczachetbook\eleczachetbook\x64\debug\eleczachetbook.tlog\resgen.write.1.tlog
